<?xml version="1.0" encoding="UTF-8"?>
<testng-results ignored="0" total="1" passed="1" failed="0" skipped="0">
  <reporter-output>
  </reporter-output>
  <suite started-at="2024-06-17T20:27:33 WAT" name="Default suite" finished-at="2024-06-17T20:27:45 WAT" duration-ms="12553">
    <groups>
    </groups>
    <test started-at="2024-06-17T20:27:33 WAT" name="Default test" finished-at="2024-06-17T20:27:45 WAT" duration-ms="12553">
      <class name="frameworktutorial.ExtentReports.ExtentReportsDemo">
        <test-method is-config="true" signature="config()[pri:0, instance:frameworktutorial.ExtentReports.ExtentReportsDemo@1afd44cb]" started-at="2024-06-17T20:27:33 WAT" name="config" finished-at="2024-06-17T20:27:33 WAT" duration-ms="89" status="PASS">
          <reporter-output>
          </reporter-output>
        </test-method> <!-- config -->
        <test-method signature="initialDemo()[pri:0, instance:frameworktutorial.ExtentReports.ExtentReportsDemo@1afd44cb]" started-at="2024-06-17T20:27:33 WAT" name="initialDemo" finished-at="2024-06-17T20:27:45 WAT" duration-ms="12452" status="PASS">
          <reporter-output>
          </reporter-output>
        </test-method> <!-- initialDemo -->
      </class> <!-- frameworktutorial.ExtentReports.ExtentReportsDemo -->
    </test> <!-- Default test -->
  </suite> <!-- Default suite -->
</testng-results>
